INFO: 2023-03-13 16:44:26,301: main() 'Using profile folder /home/zyw/.config/variety/'
INFO: 2023-03-13 16:44:26,303: prepare_config_folder() 'Missing config file, copying it from /usr/share/variety/config/variety.conf'
INFO: 2023-03-13 16:44:26,303: prepare_config_folder() 'Missing ui.conf file, copying it from /usr/share/variety/config/ui.conf'
INFO: 2023-03-13 16:44:26,303: makedirs() 'Creating folder /home/zyw/.config/variety/plugins'
INFO: 2023-03-13 16:44:26,303: makedirs() 'Creating folder /home/zyw/.config/variety/scripts'
INFO: 2023-03-13 16:44:26,303: prepare_config_folder() 'Missing set_wallpaper file, copying it from /usr/share/variety/scripts/set_wallpaper'
INFO: 2023-03-13 16:44:26,306: prepare_config_folder() 'Missing get_wallpaper file, copying it from /usr/share/variety/scripts/get_wallpaper'
INFO: 2023-03-13 16:44:26,307: makedirs() 'Creating folder /home/zyw/.config/variety/wallpaper'
INFO: 2023-03-13 16:44:34,895: write_current_version() 'Writing current version 0.8.9 to .version'
INFO: 2023-03-13 16:44:34,896: perform_upgrade() 'Last run version was 0.8.9 or earlier, current version is 0.8.9'
INFO: 2023-03-13 16:44:34,991: process_command() 'Received command: ['--profile', '/home/zyw/.config/variety/']'
INFO: 2023-03-13 16:44:34,993: start() 'Using data_path /usr/share/variety'
INFO: 2023-03-13 16:44:34,993: load() 'Jumble loading'
INFO: 2023-03-13 16:44:34,993: _walk_modules() 'Jumble loading module in __init__ from /usr/lib/python3.10/site-packages/variety/plugins/builtin/__init__.py'
INFO: 2023-03-13 16:44:34,994: _walk_modules() 'Jumble loading module in __init__ from /usr/lib/python3.10/site-packages/variety/plugins/builtin/display_modes/__init__.py'
INFO: 2023-03-13 16:44:34,994: _walk_modules() 'Jumble loading module in LegacyDisplayModesPlugin from /usr/lib/python3.10/site-packages/variety/plugins/builtin/display_modes/LegacyDisplayModesPlugin.py'
INFO: 2023-03-13 16:44:34,995: load() 'Jumble found plugin class: <class 'LegacyDisplayModesPlugin.LegacyDisplayModesPlugin'>: {'name': 'LegacyDisplayModesPlugin', 'description': 'Legacy display mode for compatibility with past Variety versions', 'version': '1.0', 'author': 'Peter Levi'}'
INFO: 2023-03-13 16:44:34,995: _walk_modules() 'Jumble loading module in ResizingDisplayModesPlugin from /usr/lib/python3.10/site-packages/variety/plugins/builtin/display_modes/ResizingDisplayModesPlugin.py'
INFO: 2023-03-13 16:44:34,995: load() 'Jumble found plugin class: <class 'ResizingDisplayModesPlugin.ResizingDisplayModesPlugin'>: {'name': 'ResizingDisplayModesPlugin', 'description': 'Display modes that use image resizing within Variety', 'version': '1.0', 'author': 'Peter Levi'}'
INFO: 2023-03-13 16:44:34,995: _walk_modules() 'Jumble loading module in GnomeDisplayModesPlugin from /usr/lib/python3.10/site-packages/variety/plugins/builtin/display_modes/GnomeDisplayModesPlugin.py'
INFO: 2023-03-13 16:44:34,995: load() 'Jumble found plugin class: <class 'GnomeDisplayModesPlugin.GnomeDisplayModesPlugin'>: {'name': 'GnomeDisplayModesPlugin', 'description': 'Display modes relying on the underlying desktop environment', 'version': '1.0', 'author': 'Peter Levi'}'
INFO: 2023-03-13 16:44:34,996: _walk_modules() 'Jumble loading module in FortuneSource from /usr/lib/python3.10/site-packages/variety/plugins/builtin/quotes/FortuneSource.py'
INFO: 2023-03-13 16:44:34,996: load() 'Jumble found plugin class: <class 'FortuneSource.FortuneSource'>: {'name': 'UNIX fortune program', 'description': 'Displays quotes using the UNIX fortune program. You may want to install additional fortune packs, e.g. fortunes-bofh-excuses.', 'author': 'Dan Jones', 'version': '0.1'}'
INFO: 2023-03-13 16:44:34,997: _walk_modules() 'Jumble loading module in LocalFilesSource from /usr/lib/python3.10/site-packages/variety/plugins/builtin/quotes/LocalFilesSource.py'
INFO: 2023-03-13 16:44:34,997: load() 'Jumble found plugin class: <class 'LocalFilesSource.LocalFilesSource'>: {'name': 'Local text files', 'description': 'Displays quotes, defined in local text files.\nPut your own txt files in: /home/zyw/.config/variety/pluginconfig/quotes/.\nThe file format is:\n\nquote -- author\n.\nsecond quote -- another author\n.\netc...\n\nExample: http://rvelthuis.de/zips/quotes.txt', 'author': 'Peter Levi', 'version': '0.1'}'
INFO: 2023-03-13 16:44:34,998: _walk_modules() 'Jumble loading module in UrbanDictionarySource from /usr/lib/python3.10/site-packages/variety/plugins/builtin/quotes/UrbanDictionarySource.py'
INFO: 2023-03-13 16:44:34,998: load() 'Jumble found plugin class: <class 'UrbanDictionarySource.UrbanDictionarySource'>: {'name': 'Urban Dictionary', 'description': 'Displays definitions from Urban Dictionary', 'author': 'James Miller', 'version': '0.1'}'
INFO: 2023-03-13 16:44:34,998: _walk_modules() 'Jumble loading module in __init__ from /usr/lib/python3.10/site-packages/variety/plugins/builtin/quotes/__init__.py'
INFO: 2023-03-13 16:44:34,998: _walk_modules() 'Jumble loading module in QuotationsPageSource from /usr/lib/python3.10/site-packages/variety/plugins/builtin/quotes/QuotationsPageSource.py'
INFO: 2023-03-13 16:44:35,034: load() 'Jumble found plugin class: <class 'QuotationsPageSource.QuotationsPageSource'>: {'name': 'TheQuotationsPage.com', 'description': 'Fetches quotes from TheQuotationsPage.com', 'author': 'Peter Levi', 'version': '0.1'}'
INFO: 2023-03-13 16:44:35,034: _walk_modules() 'Jumble loading module in GoodreadsSource from /usr/lib/python3.10/site-packages/variety/plugins/builtin/quotes/GoodreadsSource.py'
INFO: 2023-03-13 16:44:35,034: load() 'Jumble found plugin class: <class 'GoodreadsSource.GoodreadsSource'>: {'name': 'Goodreads', 'description': 'Fetches quotes from Goodreads.com', 'author': 'Peter Levi', 'version': '0.1'}'
INFO: 2023-03-13 16:44:35,035: _walk_modules() 'Jumble loading module in APODDownloader from /usr/lib/python3.10/site-packages/variety/plugins/builtin/downloaders/APODDownloader.py'
INFO: 2023-03-13 16:44:35,035: load() 'Jumble found plugin class: <class 'APODDownloader.APODDownloader'>: {'name': 'APODDownloader', 'description': 'NASA Astro Pic of the Day', 'author': 'Peter Levi', 'version': '0.1'}'
INFO: 2023-03-13 16:44:35,035: _walk_modules() 'Jumble loading module in MediaRSSDownloader from /usr/lib/python3.10/site-packages/variety/plugins/builtin/downloaders/MediaRSSDownloader.py'
INFO: 2023-03-13 16:44:35,035: _walk_modules() 'Jumble loading module in EarthviewDownloader from /usr/lib/python3.10/site-packages/variety/plugins/builtin/downloaders/EarthviewDownloader.py'
INFO: 2023-03-13 16:44:35,036: load() 'Jumble found plugin class: <class 'EarthviewDownloader.EarthviewDownloader'>: {'name': 'EarthviewDownloader', 'description': 'Google Earth View Wallpapers', 'author': 'Peter Levi', 'version': '0.1'}'
INFO: 2023-03-13 16:44:35,036: _walk_modules() 'Jumble loading module in __init__ from /usr/lib/python3.10/site-packages/variety/plugins/builtin/downloaders/__init__.py'
INFO: 2023-03-13 16:44:35,036: _walk_modules() 'Jumble loading module in ArtStationSource from /usr/lib/python3.10/site-packages/variety/plugins/builtin/downloaders/ArtStationSource.py'
INFO: 2023-03-13 16:44:35,037: load() 'Jumble found plugin class: <class 'ArtStationSource.ArtStationSource'>: {'name': 'ArtStationSource', 'description': 'Configurable source for fetching images from ArtStation', 'author': 'Denis Gordeev', 'version': '0.1'}'
INFO: 2023-03-13 16:44:35,037: _walk_modules() 'Jumble loading module in BingDownloader from /usr/lib/python3.10/site-packages/variety/plugins/builtin/downloaders/BingDownloader.py'
INFO: 2023-03-13 16:44:35,037: load() 'Jumble found plugin class: <class 'BingDownloader.BingDownloader'>: {'name': 'BingDownloader', 'description': 'Bing Photo of the Day', 'author': 'Peter Levi', 'version': '0.1'}'
INFO: 2023-03-13 16:44:35,038: _walk_modules() 'Jumble loading module in MediaRSSSource from /usr/lib/python3.10/site-packages/variety/plugins/builtin/downloaders/MediaRSSSource.py'
INFO: 2023-03-13 16:44:35,038: load() 'Jumble found plugin class: <class 'MediaRSSSource.MediaRSSSource'>: {'name': 'MediaRSSSource', 'description': 'Configurable source for fetching images from MediaRSS feeds', 'author': 'Peter Levi', 'version': '0.1'}'
INFO: 2023-03-13 16:44:35,038: _walk_modules() 'Jumble loading module in WallhavenLegacyDownloader from /usr/lib/python3.10/site-packages/variety/plugins/builtin/downloaders/WallhavenLegacyDownloader.py'
INFO: 2023-03-13 16:44:35,039: _walk_modules() 'Jumble loading module in WallhavenDownloader from /usr/lib/python3.10/site-packages/variety/plugins/builtin/downloaders/WallhavenDownloader.py'
INFO: 2023-03-13 16:44:35,039: _walk_modules() 'Jumble loading module in UnsplashDownloader from /usr/lib/python3.10/site-packages/variety/plugins/builtin/downloaders/UnsplashDownloader.py'
INFO: 2023-03-13 16:44:35,040: load() 'Jumble found plugin class: <class 'UnsplashDownloader.UnsplashDownloader'>: {'name': 'UnsplashDownloader', 'description': 'High-resolution photos from Unsplash.com', 'author': 'Peter Levi', 'version': '0.1'}'
INFO: 2023-03-13 16:44:35,040: _walk_modules() 'Jumble loading module in RedditSource from /usr/lib/python3.10/site-packages/variety/plugins/builtin/downloaders/RedditSource.py'
INFO: 2023-03-13 16:44:35,040: load() 'Jumble found plugin class: <class 'RedditSource.RedditSource'>: {'name': 'RedditSource', 'description': 'Configurable source for fetching images from Reddit', 'author': 'Peter Levi', 'version': '0.1'}'
INFO: 2023-03-13 16:44:35,041: _walk_modules() 'Jumble loading module in ArtStationDownloader from /usr/lib/python3.10/site-packages/variety/plugins/builtin/downloaders/ArtStationDownloader.py'
INFO: 2023-03-13 16:44:35,041: _walk_modules() 'Jumble loading module in UnsplashConfigurableSource from /usr/lib/python3.10/site-packages/variety/plugins/builtin/downloaders/UnsplashConfigurableSource.py'
INFO: 2023-03-13 16:44:35,042: load() 'Jumble found plugin class: <class 'UnsplashConfigurableSource.UnsplashConfigurableSource'>: {'name': 'UnsplashConfigurableSource', 'description': 'Configurable source for fetching photos from Unsplash.com', 'author': 'Peter Levi', 'version': '0.1'}'
INFO: 2023-03-13 16:44:35,042: _walk_modules() 'Jumble loading module in NationalGeographicDownloader from /usr/lib/python3.10/site-packages/variety/plugins/builtin/downloaders/NationalGeographicDownloader.py'
INFO: 2023-03-13 16:44:35,042: load() 'Jumble found plugin class: <class 'NationalGeographicDownloader.NationalGeographicDownloader'>: {'name': 'NationalGeographicDownloader', 'description': "National Geographic's photo of the day", 'author': 'Eric RÃ¶sch', 'version': '0.1'}'
INFO: 2023-03-13 16:44:35,042: _walk_modules() 'Jumble loading module in RedditDownloader from /usr/lib/python3.10/site-packages/variety/plugins/builtin/downloaders/RedditDownloader.py'
INFO: 2023-03-13 16:44:35,043: _walk_modules() 'Jumble loading module in WallhavenSource from /usr/lib/python3.10/site-packages/variety/plugins/builtin/downloaders/WallhavenSource.py'
INFO: 2023-03-13 16:44:35,043: load() 'Jumble found plugin class: <class 'WallhavenSource.WallhavenSource'>: {'name': 'WallhavenSource', 'description': 'Configurable source for fetching images from Wallhaven.cc', 'author': 'Peter Levi', 'version': '0.1'}'
INFO: 2023-03-13 16:44:35,044: makedirs() 'Creating folder /home/zyw/.config/variety/pluginconfig/downloaders'
WARNING: 2023-03-13 16:44:35,047: load_history() 'Could not load history file, continuing without it, no worries'
INFO: 2023-03-13 16:44:35,054: makedirs() 'Creating folder /home/zyw/.config/variety/Downloaded'
INFO: 2023-03-13 16:44:35,054: makedirs() 'Creating folder /home/zyw/.config/variety/Favorites'
INFO: 2023-03-13 16:44:35,054: makedirs() 'Creating folder /home/zyw/.config/variety/Fetched'
INFO: 2023-03-13 16:44:35,054: reload_config() 'Creating new downloader for type flickr, location user:www.flickr.com/photos/peter-levi/;user_id:93647178@N00;'
INFO: 2023-03-13 16:44:35,054: makedirs() 'Creating folder /home/zyw/.config/variety/Downloaded/flickr_user_www_flickr_com_photos_peter_levi__user_id_93647178_N00_'
INFO: 2023-03-13 16:44:35,055: log_options() 'Loaded options:'
INFO: 2023-03-13 16:44:35,055: log_options() 'change_enabled = True'
INFO: 2023-03-13 16:44:35,055: log_options() 'change_interval = 300'
INFO: 2023-03-13 16:44:35,055: log_options() 'change_on_start = False'
INFO: 2023-03-13 16:44:35,055: log_options() 'clipboard_enabled = False'
INFO: 2023-03-13 16:44:35,055: log_options() 'clipboard_hosts = ['wallhaven.cc', 'wallpapers.net', 'flickr.com', 'imgur.com', 'deviantart.com', 'interfacelift.com', 'vladstudio.com', 'imageshack.us', 'deviantart.net', 'imageshack.com']'
INFO: 2023-03-13 16:44:35,055: log_options() 'clipboard_use_whitelist = True'
INFO: 2023-03-13 16:44:35,055: log_options() 'clock_date_font = Serif 30'
INFO: 2023-03-13 16:44:35,055: log_options() 'clock_enabled = False'
INFO: 2023-03-13 16:44:35,055: log_options() 'clock_filter = -density 100 -font `fc-match -f '%{file[0]}' '%CLOCK_FONT_NAME'` -pointsize %CLOCK_FONT_SIZE -gravity SouthEast -fill '#00000044' -annotate 0x0+[%HOFFSET+58]+[%VOFFSET+108] '%H:%M' -fill white -annotate 0x0+[%HOFFSET+60]+[%VOFFSET+110] '%H:%M' -font `fc-match -f '%{file[0]}' '%DATE_FONT_NAME'` -pointsize %DATE_FONT_SIZE -fill '#00000044' -annotate 0x0+[%HOFFSET+58]+[%VOFFSET+58] '%A, %B %d' -fill white -annotate 0x0+[%HOFFSET+60]+[%VOFFSET+60] '%A, %B %d''
INFO: 2023-03-13 16:44:35,055: log_options() 'clock_font = Serif 70'
INFO: 2023-03-13 16:44:35,055: log_options() 'configfile = /home/zyw/.config/variety/variety.conf'
INFO: 2023-03-13 16:44:35,055: log_options() 'copyto_enabled = False'
INFO: 2023-03-13 16:44:35,055: log_options() 'copyto_folder = Default'
INFO: 2023-03-13 16:44:35,055: log_options() 'desired_color = None'
INFO: 2023-03-13 16:44:35,055: log_options() 'desired_color_enabled = False'
INFO: 2023-03-13 16:44:35,055: log_options() 'download_folder = /home/zyw/.config/variety/Downloaded'
INFO: 2023-03-13 16:44:35,055: log_options() 'download_preference_ratio = 0.9'
INFO: 2023-03-13 16:44:35,055: log_options() 'favorites_folder = /home/zyw/.config/variety/Favorites'
INFO: 2023-03-13 16:44:35,055: log_options() 'favorites_operations = [['Downloaded', 'Copy'], ['Fetched', 'Move'], ['Others', 'Copy']]'
INFO: 2023-03-13 16:44:35,055: log_options() 'fetched_folder = /home/zyw/.config/variety/Fetched'
INFO: 2023-03-13 16:44:35,055: log_options() 'filters = [[False, 'Keep original', ''], [False, 'Grayscale', '-type Grayscale'], [False, 'Heavy blur', '-scale 20% -blur 0x10 -resize 500%'], [False, 'Soft blur', '-scale 20% -blur 0x2 -resize 500%'], [False, 'Oil painting', '-paint 8'], [False, 'Pointilism', '-spread 10 -noise 3'], [False, 'Pixellate', '-scale 3% -scale 3333%']]'
INFO: 2023-03-13 16:44:35,055: log_options() 'get_wallpaper_script = /home/zyw/.config/variety/scripts/get_wallpaper'
INFO: 2023-03-13 16:44:35,055: log_options() 'icon = Light'
INFO: 2023-03-13 16:44:35,055: log_options() 'internet_enabled = True'
INFO: 2023-03-13 16:44:35,055: log_options() 'lightness_enabled = False'
INFO: 2023-03-13 16:44:35,055: log_options() 'lightness_mode = 0'
INFO: 2023-03-13 16:44:35,055: log_options() 'min_rating = 4'
INFO: 2023-03-13 16:44:35,055: log_options() 'min_rating_enabled = False'
INFO: 2023-03-13 16:44:35,055: log_options() 'min_size = 80'
INFO: 2023-03-13 16:44:35,055: log_options() 'min_size_enabled = False'
INFO: 2023-03-13 16:44:35,055: log_options() 'quota_enabled = True'
INFO: 2023-03-13 16:44:35,055: log_options() 'quota_size = 1000'
INFO: 2023-03-13 16:44:35,055: log_options() 'quotes_authors = '
INFO: 2023-03-13 16:44:35,055: log_options() 'quotes_bg_color = [80, 80, 80]'
INFO: 2023-03-13 16:44:35,055: log_options() 'quotes_bg_opacity = 55'
INFO: 2023-03-13 16:44:35,055: log_options() 'quotes_change_enabled = False'
INFO: 2023-03-13 16:44:35,055: log_options() 'quotes_change_interval = 300'
INFO: 2023-03-13 16:44:35,055: log_options() 'quotes_disabled_sources = ['Urban Dictionary']'
INFO: 2023-03-13 16:44:35,055: log_options() 'quotes_enabled = False'
INFO: 2023-03-13 16:44:35,056: log_options() 'quotes_favorites_file = /home/zyw/.config/variety/favorite_quotes.txt'
INFO: 2023-03-13 16:44:35,056: log_options() 'quotes_font = Serif 30'
INFO: 2023-03-13 16:44:35,056: log_options() 'quotes_hpos = 100'
INFO: 2023-03-13 16:44:35,056: log_options() 'quotes_max_length = 250'
INFO: 2023-03-13 16:44:35,056: log_options() 'quotes_tags = '
INFO: 2023-03-13 16:44:35,056: log_options() 'quotes_text_color = [255, 255, 255]'
INFO: 2023-03-13 16:44:35,056: log_options() 'quotes_text_shadow = False'
INFO: 2023-03-13 16:44:35,056: log_options() 'quotes_vpos = 40'
INFO: 2023-03-13 16:44:35,056: log_options() 'quotes_width = 70'
INFO: 2023-03-13 16:44:35,056: log_options() 'safe_mode = False'
INFO: 2023-03-13 16:44:35,056: log_options() 'set_wallpaper_script = /home/zyw/.config/variety/scripts/set_wallpaper'
INFO: 2023-03-13 16:44:35,056: log_options() 'slideshow_custom_enabled = False'
INFO: 2023-03-13 16:44:35,056: log_options() 'slideshow_custom_folder = /home/zyw/Pictures'
INFO: 2023-03-13 16:44:35,056: log_options() 'slideshow_downloads_enabled = False'
INFO: 2023-03-13 16:44:35,056: log_options() 'slideshow_fade = 0.4'
INFO: 2023-03-13 16:44:35,056: log_options() 'slideshow_favorites_enabled = True'
INFO: 2023-03-13 16:44:35,056: log_options() 'slideshow_mode = Fullscreen'
INFO: 2023-03-13 16:44:35,056: log_options() 'slideshow_monitor = All'
INFO: 2023-03-13 16:44:35,056: log_options() 'slideshow_pan = 0.05'
INFO: 2023-03-13 16:44:35,056: log_options() 'slideshow_seconds = 6.0'
INFO: 2023-03-13 16:44:35,056: log_options() 'slideshow_sort_order = Random'
INFO: 2023-03-13 16:44:35,056: log_options() 'slideshow_sources_enabled = True'
INFO: 2023-03-13 16:44:35,056: log_options() 'slideshow_zoom = 0.2'
INFO: 2023-03-13 16:44:35,056: log_options() 'smart_enabled = False'
INFO: 2023-03-13 16:44:35,056: log_options() 'smart_notice_shown = False'
INFO: 2023-03-13 16:44:35,056: log_options() 'smart_register_shown = False'
INFO: 2023-03-13 16:44:35,056: log_options() 'sources = [[True, 'favorites', 'The Favorites folder'], [True, 'fetched', 'The Fetched folder'], [True, 'folder', '/usr/share/backgrounds'], [True, 'flickr', 'user:www.flickr.com/photos/peter-levi/;user_id:93647178@N00;'], [False, 'apod', 'NASA Astro Pic of the Day'], [False, 'bing', 'Bing Photo of the Day'], [False, 'earthview', 'Google Earth View Wallpapers'], [False, 'natgeo', "National Geographic's photo of the day"], [False, 'unsplash', 'High-resolution photos from Unsplash.com']]'
INFO: 2023-03-13 16:44:35,056: log_options() 'stats_enabled = True'
INFO: 2023-03-13 16:44:35,056: log_options() 'stats_notice_shown = False'
INFO: 2023-03-13 16:44:35,056: log_options() 'sync_enabled = True'
INFO: 2023-03-13 16:44:35,056: log_options() 'use_landscape_enabled = True'
INFO: 2023-03-13 16:44:35,056: log_options() 'wallhaven_api_key = '
INFO: 2023-03-13 16:44:35,056: log_options() 'wallpaper_auto_rotate = False'
INFO: 2023-03-13 16:44:35,056: log_options() 'wallpaper_display_mode = os'
INFO: 2023-03-13 16:44:35,056: reload_config() 'No need to clear prepared queue'
INFO: 2023-03-13 16:44:35,056: update_indicator() 'Setting file info to: /usr/share/backgrounds/gnome/adwaita-l.webp'
INFO: 2023-03-13 16:44:35,063: load_banned() 'Missing or invalid banned URLs list, no URLs will be banned'
INFO: 2023-03-13 16:44:35,063: load_last_change_time() 'Change interval < 6 hours, ignore persisted last_change_time, wait initially the whole interval: 300'
INFO: 2023-03-13 16:44:35,063: update_indicator() 'Setting file info to: /usr/share/backgrounds/gnome/adwaita-l.webp'
INFO: 2023-03-13 16:44:35,065: regular_change_thread() 'regular_change thread running'
INFO: 2023-03-13 16:44:35,065: prepare_thread() 'Prepare thread running'
INFO: 2023-03-13 16:44:35,066: prepare_thread() 'Prepared buffer contains 0 images'
INFO: 2023-03-13 16:44:35,066: prepare_thread() 'Preparing some images'
INFO: 2023-03-13 16:44:35,066: get_throttling() 'Flickr: parsing serverside options'
INFO: 2023-03-13 16:44:35,066: get_throttling() 'Could not parse Flickr serverside options, using defaults 120, 20'
INFO: 2023-03-13 16:44:35,066: get_throttling() 'Flickr: parsing serverside options'
INFO: 2023-03-13 16:44:35,066: get_throttling() 'Could not parse Flickr serverside options, using defaults 120, 20'
INFO: 2023-03-13 16:44:35,066: download_one() 'Flickr: Downloading an image, config: user:www.flickr.com/photos/peter-levi/;user_id:93647178@N00;'
INFO: 2023-03-13 16:44:35,066: download_one() 'Flickr: Queue size: 0'
INFO: 2023-03-13 16:44:35,066: get_throttling() 'Flickr: parsing serverside options'
INFO: 2023-03-13 16:44:35,067: get_throttling() 'Could not parse Flickr serverside options, using defaults 120, 20'
INFO: 2023-03-13 16:44:35,067: download_one() 'Flickr: Filling queue'
INFO: 2023-03-13 16:44:35,067: fetch() 'Making flickr API call: https://api.flickr.com/services/rest/?method=flickr.photos.search&api_key=0553a848c09bcfd21d3a984d9408c04e&per_page=500&tag_mode=all&format=json&nojsoncallback=1&user_id=93647178@N00'
INFO: 2023-03-13 16:44:35,068: update_indicator_icon() 'Creating indicator'
WARNING: 2023-03-13 16:44:35,075: create_menu() 'Variety Slideshow is not installed. This is an optional extension adding pan-and-zoom slideshows to Variety: see https://github.com/peterlevi/variety-slideshow for details'
INFO: 2023-03-13 16:44:35,076: create_indicator() 'indicator backend: fallback tray'
INFO: 2023-03-13 16:44:35,078: set_from_theme_icon() 'Showing status icon variety-indicator from GTK theme'
INFO: 2023-03-13 16:44:35,163: do_set_wp() 'Calling do_set_wp with /usr/share/backgrounds/gnome/adwaita-l.webp, time: 1678697075.163431'
INFO: 2023-03-13 16:44:35,167: prepare_thread() 'After search prepared buffer contains 22 images'
INFO: 2023-03-13 16:44:35,333: reload() 'Reloading preferences dialog'
INFO: 2023-03-13 16:44:35,421: update_indicator() 'Setting file info to: /usr/share/backgrounds/gnome/adwaita-l.webp'
INFO: 2023-03-13 16:44:37,168: trigger_download() 'Triggering download thread to check if download needed and possible'
INFO: 2023-03-13 16:44:38,518: apply() 'Applying preferences'
INFO: 2023-03-13 16:44:38,522: log_options() 'Loaded options:'
INFO: 2023-03-13 16:44:38,522: log_options() 'change_enabled = True'
INFO: 2023-03-13 16:44:38,522: log_options() 'change_interval = 300'
INFO: 2023-03-13 16:44:38,522: log_options() 'change_on_start = False'
INFO: 2023-03-13 16:44:38,522: log_options() 'clipboard_enabled = False'
INFO: 2023-03-13 16:44:38,522: log_options() 'clipboard_hosts = ['wallhaven.cc', 'wallpapers.net', 'flickr.com', 'imgur.com', 'deviantart.com', 'interfacelift.com', 'vladstudio.com', 'imageshack.us', 'deviantart.net', 'imageshack.com']'
INFO: 2023-03-13 16:44:38,522: log_options() 'clipboard_use_whitelist = True'
INFO: 2023-03-13 16:44:38,522: set_visible() 'Showing status icon'
INFO: 2023-03-13 16:44:38,523: log_options() 'clock_date_font = Serif 30'
INFO: 2023-03-13 16:44:38,523: set_from_theme_icon() 'Showing status icon variety-indicator from GTK theme'
INFO: 2023-03-13 16:44:38,523: log_options() 'clock_enabled = False'
INFO: 2023-03-13 16:44:38,523: log_options() 'clock_filter = -density 100 -font `fc-match -f '%{file[0]}' '%CLOCK_FONT_NAME'` -pointsize %CLOCK_FONT_SIZE -gravity SouthEast -fill '#00000044' -annotate 0x0+[%HOFFSET+58]+[%VOFFSET+108] '%H:%M' -fill white -annotate 0x0+[%HOFFSET+60]+[%VOFFSET+110] '%H:%M' -font `fc-match -f '%{file[0]}' '%DATE_FONT_NAME'` -pointsize %DATE_FONT_SIZE -fill '#00000044' -annotate 0x0+[%HOFFSET+58]+[%VOFFSET+58] '%A, %B %d' -fill white -annotate 0x0+[%HOFFSET+60]+[%VOFFSET+60] '%A, %B %d''
INFO: 2023-03-13 16:44:38,523: log_options() 'clock_font = Serif 70'
INFO: 2023-03-13 16:44:38,523: log_options() 'configfile = /home/zyw/.config/variety/variety.conf'
INFO: 2023-03-13 16:44:38,523: log_options() 'copyto_enabled = False'
INFO: 2023-03-13 16:44:38,523: log_options() 'copyto_folder = Default'
INFO: 2023-03-13 16:44:38,523: log_options() 'desired_color = [160, 160, 160]'
INFO: 2023-03-13 16:44:38,523: log_options() 'desired_color_enabled = False'
INFO: 2023-03-13 16:44:38,523: log_options() 'download_folder = /home/zyw/.config/variety/Downloaded'
INFO: 2023-03-13 16:44:38,523: log_options() 'download_preference_ratio = 0.9'
INFO: 2023-03-13 16:44:38,523: log_options() 'favorites_folder = /home/zyw/.config/variety/Favorites'
INFO: 2023-03-13 16:44:38,523: log_options() 'favorites_operations = [['Downloaded', 'Copy'], ['Fetched', 'Move'], ['Others', 'Copy']]'
INFO: 2023-03-13 16:44:38,523: log_options() 'fetched_folder = /home/zyw/.config/variety/Fetched'
INFO: 2023-03-13 16:44:38,523: log_options() 'filters = [[False, 'Keep original', ''], [False, 'Grayscale', '-type Grayscale'], [False, 'Heavy blur', '-scale 20% -blur 0x10 -resize 500%'], [False, 'Soft blur', '-scale 20% -blur 0x2 -resize 500%'], [False, 'Oil painting', '-paint 8'], [False, 'Pointilism', '-spread 10 -noise 3'], [False, 'Pixellate', '-scale 3% -scale 3333%']]'
INFO: 2023-03-13 16:44:38,523: log_options() 'get_wallpaper_script = /home/zyw/.config/variety/scripts/get_wallpaper'
INFO: 2023-03-13 16:44:38,523: log_options() 'icon = Light'
INFO: 2023-03-13 16:44:38,523: log_options() 'internet_enabled = True'
INFO: 2023-03-13 16:44:38,523: log_options() 'lightness_enabled = False'
INFO: 2023-03-13 16:44:38,523: log_options() 'lightness_mode = 0'
INFO: 2023-03-13 16:44:38,523: log_options() 'min_rating = 4'
INFO: 2023-03-13 16:44:38,523: log_options() 'min_rating_enabled = False'
INFO: 2023-03-13 16:44:38,523: log_options() 'min_size = 80'
INFO: 2023-03-13 16:44:38,523: log_options() 'min_size_enabled = False'
INFO: 2023-03-13 16:44:38,523: log_options() 'quota_enabled = True'
INFO: 2023-03-13 16:44:38,523: log_options() 'quota_size = 1000'
INFO: 2023-03-13 16:44:38,523: log_options() 'quotes_authors = '
INFO: 2023-03-13 16:44:38,523: log_options() 'quotes_bg_color = [80, 80, 80]'
INFO: 2023-03-13 16:44:38,524: log_options() 'quotes_bg_opacity = 55'
INFO: 2023-03-13 16:44:38,524: log_options() 'quotes_change_enabled = False'
INFO: 2023-03-13 16:44:38,524: log_options() 'quotes_change_interval = 300'
INFO: 2023-03-13 16:44:38,524: log_options() 'quotes_disabled_sources = ['Urban Dictionary']'
INFO: 2023-03-13 16:44:38,524: log_options() 'quotes_enabled = False'
INFO: 2023-03-13 16:44:38,524: log_options() 'quotes_favorites_file = /home/zyw/.config/variety/favorite_quotes.txt'
INFO: 2023-03-13 16:44:38,524: log_options() 'quotes_font = Serif 30'
INFO: 2023-03-13 16:44:38,524: log_options() 'quotes_hpos = 100'
INFO: 2023-03-13 16:44:38,524: log_options() 'quotes_max_length = 250'
INFO: 2023-03-13 16:44:38,524: log_options() 'quotes_tags = '
INFO: 2023-03-13 16:44:38,524: log_options() 'quotes_text_color = [255, 255, 255]'
INFO: 2023-03-13 16:44:38,524: log_options() 'quotes_text_shadow = False'
INFO: 2023-03-13 16:44:38,524: log_options() 'quotes_vpos = 40'
INFO: 2023-03-13 16:44:38,524: log_options() 'quotes_width = 70'
INFO: 2023-03-13 16:44:38,524: log_options() 'safe_mode = False'
INFO: 2023-03-13 16:44:38,524: log_options() 'set_wallpaper_script = /home/zyw/.config/variety/scripts/set_wallpaper'
INFO: 2023-03-13 16:44:38,524: log_options() 'slideshow_custom_enabled = False'
INFO: 2023-03-13 16:44:38,524: log_options() 'slideshow_custom_folder = /home/zyw/Pictures'
INFO: 2023-03-13 16:44:38,524: log_options() 'slideshow_downloads_enabled = False'
INFO: 2023-03-13 16:44:38,524: log_options() 'slideshow_fade = 0.4'
INFO: 2023-03-13 16:44:38,524: log_options() 'slideshow_favorites_enabled = True'
INFO: 2023-03-13 16:44:38,524: log_options() 'slideshow_mode = Fullscreen'
INFO: 2023-03-13 16:44:38,524: log_options() 'slideshow_monitor = All'
INFO: 2023-03-13 16:44:38,524: log_options() 'slideshow_pan = 0.05'
INFO: 2023-03-13 16:44:38,524: log_options() 'slideshow_seconds = 6.0'
INFO: 2023-03-13 16:44:38,524: log_options() 'slideshow_sort_order = Random'
INFO: 2023-03-13 16:44:38,524: log_options() 'slideshow_sources_enabled = True'
INFO: 2023-03-13 16:44:38,524: log_options() 'slideshow_zoom = 0.2'
INFO: 2023-03-13 16:44:38,524: log_options() 'smart_enabled = False'
INFO: 2023-03-13 16:44:38,524: log_options() 'smart_notice_shown = False'
INFO: 2023-03-13 16:44:38,524: log_options() 'smart_register_shown = False'
INFO: 2023-03-13 16:44:38,524: log_options() 'sources = [[True, 'favorites', 'The Favorites folder'], [True, 'fetched', 'The Fetched folder'], [True, 'folder', '/usr/share/backgrounds'], [False, 'flickr', 'user:www.flickr.com/photos/peter-levi/;user_id:93647178@N00;'], [False, 'apod', "NASA's Astronomy Picture of the Day"], [False, 'bing', 'Bing Photo of the Day'], [False, 'earthview', 'Google Earth View Wallpapers'], [False, 'natgeo', "National Geographic's photo of the day"], [False, 'unsplash', 'High-resolution photos from Unsplash.com']]'
INFO: 2023-03-13 16:44:38,524: log_options() 'stats_enabled = True'
INFO: 2023-03-13 16:44:38,524: log_options() 'stats_notice_shown = False'
INFO: 2023-03-13 16:44:38,524: log_options() 'sync_enabled = True'
INFO: 2023-03-13 16:44:38,524: log_options() 'use_landscape_enabled = True'
INFO: 2023-03-13 16:44:38,524: log_options() 'wallhaven_api_key = '
INFO: 2023-03-13 16:44:38,524: log_options() 'wallpaper_auto_rotate = False'
INFO: 2023-03-13 16:44:38,524: log_options() 'wallpaper_display_mode = os'
INFO: 2023-03-13 16:44:38,524: clear_prepared_queue() 'Clearing prepared queue'
INFO: 2023-03-13 16:44:38,525: update_indicator() 'Setting file info to: /usr/share/backgrounds/gnome/adwaita-l.webp'
INFO: 2023-03-13 16:44:38,525: prepare_thread() 'Prepared buffer contains 0 images'
INFO: 2023-03-13 16:44:38,525: prepare_thread() 'Preparing some images'
INFO: 2023-03-13 16:44:38,609: prepare_thread() 'After search prepared buffer contains 22 images'
INFO: 2023-03-13 16:44:38,609: prepare_thread() 'Prepared buffer contains 22 images'
INFO: 2023-03-13 16:44:38,627: do_set_wp() 'Calling do_set_wp with /usr/share/backgrounds/gnome/adwaita-l.webp, time: 1678697078.6278124'
INFO: 2023-03-13 16:44:38,639: update_indicator() 'Setting file info to: /usr/share/backgrounds/gnome/adwaita-l.webp'
INFO: 2023-03-13 16:44:38,853: apply() 'Applying preferences'
INFO: 2023-03-13 16:44:38,878: log_options() 'Loaded options:'
INFO: 2023-03-13 16:44:38,878: log_options() 'change_enabled = True'
INFO: 2023-03-13 16:44:38,878: log_options() 'change_interval = 300'
INFO: 2023-03-13 16:44:38,878: log_options() 'change_on_start = False'
INFO: 2023-03-13 16:44:38,878: log_options() 'clipboard_enabled = False'
INFO: 2023-03-13 16:44:38,879: set_visible() 'Showing status icon'
INFO: 2023-03-13 16:44:38,879: log_options() 'clipboard_hosts = ['wallhaven.cc', 'wallpapers.net', 'flickr.com', 'imgur.com', 'deviantart.com', 'interfacelift.com', 'vladstudio.com', 'imageshack.us', 'deviantart.net', 'imageshack.com']'
INFO: 2023-03-13 16:44:38,879: log_options() 'clipboard_use_whitelist = True'
INFO: 2023-03-13 16:44:38,879: set_from_theme_icon() 'Showing status icon variety-indicator from GTK theme'
INFO: 2023-03-13 16:44:38,879: log_options() 'clock_date_font = Serif 30'
INFO: 2023-03-13 16:44:38,880: log_options() 'clock_enabled = False'
INFO: 2023-03-13 16:44:38,880: log_options() 'clock_filter = -density 100 -font `fc-match -f '%{file[0]}' '%CLOCK_FONT_NAME'` -pointsize %CLOCK_FONT_SIZE -gravity SouthEast -fill '#00000044' -annotate 0x0+[%HOFFSET+58]+[%VOFFSET+108] '%H:%M' -fill white -annotate 0x0+[%HOFFSET+60]+[%VOFFSET+110] '%H:%M' -font `fc-match -f '%{file[0]}' '%DATE_FONT_NAME'` -pointsize %DATE_FONT_SIZE -fill '#00000044' -annotate 0x0+[%HOFFSET+58]+[%VOFFSET+58] '%A, %B %d' -fill white -annotate 0x0+[%HOFFSET+60]+[%VOFFSET+60] '%A, %B %d''
INFO: 2023-03-13 16:44:38,880: log_options() 'clock_font = Serif 70'
INFO: 2023-03-13 16:44:38,880: log_options() 'configfile = /home/zyw/.config/variety/variety.conf'
INFO: 2023-03-13 16:44:38,880: log_options() 'copyto_enabled = False'
INFO: 2023-03-13 16:44:38,880: log_options() 'copyto_folder = Default'
INFO: 2023-03-13 16:44:38,880: log_options() 'desired_color = [160, 160, 160]'
INFO: 2023-03-13 16:44:38,880: log_options() 'desired_color_enabled = False'
INFO: 2023-03-13 16:44:38,880: log_options() 'download_folder = /home/zyw/.config/variety/Downloaded'
INFO: 2023-03-13 16:44:38,880: log_options() 'download_preference_ratio = 0.9'
INFO: 2023-03-13 16:44:38,881: log_options() 'favorites_folder = /home/zyw/.config/variety/Favorites'
INFO: 2023-03-13 16:44:38,881: log_options() 'favorites_operations = [['Downloaded', 'Copy'], ['Fetched', 'Move'], ['Others', 'Copy']]'
INFO: 2023-03-13 16:44:38,881: log_options() 'fetched_folder = /home/zyw/.config/variety/Fetched'
INFO: 2023-03-13 16:44:38,881: log_options() 'filters = [[False, 'Keep original', ''], [False, 'Grayscale', '-type Grayscale'], [False, 'Heavy blur', '-scale 20% -blur 0x10 -resize 500%'], [False, 'Soft blur', '-scale 20% -blur 0x2 -resize 500%'], [False, 'Oil painting', '-paint 8'], [False, 'Pointilism', '-spread 10 -noise 3'], [False, 'Pixellate', '-scale 3% -scale 3333%']]'
INFO: 2023-03-13 16:44:38,881: log_options() 'get_wallpaper_script = /home/zyw/.config/variety/scripts/get_wallpaper'
INFO: 2023-03-13 16:44:38,881: log_options() 'icon = Light'
INFO: 2023-03-13 16:44:38,881: log_options() 'internet_enabled = True'
INFO: 2023-03-13 16:44:38,881: log_options() 'lightness_enabled = False'
INFO: 2023-03-13 16:44:38,881: log_options() 'lightness_mode = 0'
INFO: 2023-03-13 16:44:38,881: log_options() 'min_rating = 4'
INFO: 2023-03-13 16:44:38,881: log_options() 'min_rating_enabled = False'
INFO: 2023-03-13 16:44:38,881: log_options() 'min_size = 80'
INFO: 2023-03-13 16:44:38,881: log_options() 'min_size_enabled = False'
INFO: 2023-03-13 16:44:38,881: log_options() 'quota_enabled = True'
INFO: 2023-03-13 16:44:38,882: log_options() 'quota_size = 1000'
INFO: 2023-03-13 16:44:38,882: log_options() 'quotes_authors = '
INFO: 2023-03-13 16:44:38,882: log_options() 'quotes_bg_color = [80, 80, 80]'
INFO: 2023-03-13 16:44:38,882: log_options() 'quotes_bg_opacity = 55'
INFO: 2023-03-13 16:44:38,882: log_options() 'quotes_change_enabled = False'
INFO: 2023-03-13 16:44:38,882: log_options() 'quotes_change_interval = 300'
INFO: 2023-03-13 16:44:38,882: log_options() 'quotes_disabled_sources = ['Urban Dictionary']'
INFO: 2023-03-13 16:44:38,882: log_options() 'quotes_enabled = False'
INFO: 2023-03-13 16:44:38,882: log_options() 'quotes_favorites_file = /home/zyw/.config/variety/favorite_quotes.txt'
INFO: 2023-03-13 16:44:38,882: log_options() 'quotes_font = Serif 30'
INFO: 2023-03-13 16:44:38,882: log_options() 'quotes_hpos = 100'
INFO: 2023-03-13 16:44:38,882: log_options() 'quotes_max_length = 250'
INFO: 2023-03-13 16:44:38,882: log_options() 'quotes_tags = '
INFO: 2023-03-13 16:44:38,882: log_options() 'quotes_text_color = [255, 255, 255]'
INFO: 2023-03-13 16:44:38,883: log_options() 'quotes_text_shadow = False'
INFO: 2023-03-13 16:44:38,883: log_options() 'quotes_vpos = 40'
INFO: 2023-03-13 16:44:38,883: log_options() 'quotes_width = 70'
INFO: 2023-03-13 16:44:38,883: log_options() 'safe_mode = False'
INFO: 2023-03-13 16:44:38,883: log_options() 'set_wallpaper_script = /home/zyw/.config/variety/scripts/set_wallpaper'
INFO: 2023-03-13 16:44:38,883: log_options() 'slideshow_custom_enabled = False'
INFO: 2023-03-13 16:44:38,883: log_options() 'slideshow_custom_folder = /home/zyw/Pictures'
INFO: 2023-03-13 16:44:38,883: log_options() 'slideshow_downloads_enabled = False'
INFO: 2023-03-13 16:44:38,883: log_options() 'slideshow_fade = 0.4'
INFO: 2023-03-13 16:44:38,883: log_options() 'slideshow_favorites_enabled = True'
INFO: 2023-03-13 16:44:38,883: log_options() 'slideshow_mode = Fullscreen'
INFO: 2023-03-13 16:44:38,883: log_options() 'slideshow_monitor = All'
INFO: 2023-03-13 16:44:38,883: log_options() 'slideshow_pan = 0.05'
INFO: 2023-03-13 16:44:38,883: log_options() 'slideshow_seconds = 6.0'
INFO: 2023-03-13 16:44:38,883: log_options() 'slideshow_sort_order = Random'
INFO: 2023-03-13 16:44:38,883: log_options() 'slideshow_sources_enabled = True'
INFO: 2023-03-13 16:44:38,883: log_options() 'slideshow_zoom = 0.2'
INFO: 2023-03-13 16:44:38,883: log_options() 'smart_enabled = False'
INFO: 2023-03-13 16:44:38,884: log_options() 'smart_notice_shown = False'
INFO: 2023-03-13 16:44:38,884: log_options() 'smart_register_shown = False'
INFO: 2023-03-13 16:44:38,884: log_options() 'sources = [[True, 'favorites', 'The Favorites folder'], [True, 'fetched', 'The Fetched folder'], [False, 'folder', '/usr/share/backgrounds'], [False, 'flickr', 'user:www.flickr.com/photos/peter-levi/;user_id:93647178@N00;'], [False, 'apod', "NASA's Astronomy Picture of the Day"], [False, 'bing', 'Bing Photo of the Day'], [False, 'earthview', 'Google Earth View Wallpapers'], [False, 'natgeo', "National Geographic's photo of the day"], [False, 'unsplash', 'High-resolution photos from Unsplash.com']]'
INFO: 2023-03-13 16:44:38,884: log_options() 'stats_enabled = True'
INFO: 2023-03-13 16:44:38,884: log_options() 'stats_notice_shown = False'
INFO: 2023-03-13 16:44:38,884: log_options() 'sync_enabled = True'
INFO: 2023-03-13 16:44:38,884: log_options() 'use_landscape_enabled = True'
INFO: 2023-03-13 16:44:38,884: log_options() 'wallhaven_api_key = '
INFO: 2023-03-13 16:44:38,884: log_options() 'wallpaper_auto_rotate = False'
INFO: 2023-03-13 16:44:38,884: log_options() 'wallpaper_display_mode = os'
INFO: 2023-03-13 16:44:38,884: clear_prepared_queue() 'Clearing prepared queue'
INFO: 2023-03-13 16:44:38,884: update_indicator() 'Setting file info to: /usr/share/backgrounds/gnome/adwaita-l.webp'
INFO: 2023-03-13 16:44:38,884: prepare_thread() 'Prepared buffer contains 0 images'
INFO: 2023-03-13 16:44:38,885: prepare_thread() 'Preparing some images'
INFO: 2023-03-13 16:44:38,885: prepare_thread() 'After search prepared buffer contains 0 images'
INFO: 2023-03-13 16:44:38,889: prepare_thread() 'Prepared buffer contains 0 images'
INFO: 2023-03-13 16:44:38,889: prepare_thread() 'Preparing some images'
INFO: 2023-03-13 16:44:38,889: prepare_thread() 'After search prepared buffer contains 0 images'
INFO: 2023-03-13 16:44:39,205: apply() 'Applying preferences'
INFO: 2023-03-13 16:44:39,211: set_visible() 'Showing status icon'
INFO: 2023-03-13 16:44:39,211: set_from_theme_icon() 'Showing status icon variety-indicator from GTK theme'
INFO: 2023-03-13 16:44:39,211: log_options() 'Loaded options:'
INFO: 2023-03-13 16:44:39,211: log_options() 'change_enabled = True'
INFO: 2023-03-13 16:44:39,211: log_options() 'change_interval = 300'
INFO: 2023-03-13 16:44:39,211: log_options() 'change_on_start = False'
INFO: 2023-03-13 16:44:39,211: log_options() 'clipboard_enabled = False'
INFO: 2023-03-13 16:44:39,211: log_options() 'clipboard_hosts = ['wallhaven.cc', 'wallpapers.net', 'flickr.com', 'imgur.com', 'deviantart.com', 'interfacelift.com', 'vladstudio.com', 'imageshack.us', 'deviantart.net', 'imageshack.com']'
INFO: 2023-03-13 16:44:39,211: log_options() 'clipboard_use_whitelist = True'
INFO: 2023-03-13 16:44:39,211: log_options() 'clock_date_font = Serif 30'
INFO: 2023-03-13 16:44:39,211: log_options() 'clock_enabled = False'
INFO: 2023-03-13 16:44:39,211: log_options() 'clock_filter = -density 100 -font `fc-match -f '%{file[0]}' '%CLOCK_FONT_NAME'` -pointsize %CLOCK_FONT_SIZE -gravity SouthEast -fill '#00000044' -annotate 0x0+[%HOFFSET+58]+[%VOFFSET+108] '%H:%M' -fill white -annotate 0x0+[%HOFFSET+60]+[%VOFFSET+110] '%H:%M' -font `fc-match -f '%{file[0]}' '%DATE_FONT_NAME'` -pointsize %DATE_FONT_SIZE -fill '#00000044' -annotate 0x0+[%HOFFSET+58]+[%VOFFSET+58] '%A, %B %d' -fill white -annotate 0x0+[%HOFFSET+60]+[%VOFFSET+60] '%A, %B %d''
INFO: 2023-03-13 16:44:39,211: log_options() 'clock_font = Serif 70'
INFO: 2023-03-13 16:44:39,211: log_options() 'configfile = /home/zyw/.config/variety/variety.conf'
INFO: 2023-03-13 16:44:39,211: log_options() 'copyto_enabled = False'
INFO: 2023-03-13 16:44:39,211: log_options() 'copyto_folder = Default'
INFO: 2023-03-13 16:44:39,212: log_options() 'desired_color = [160, 160, 160]'
INFO: 2023-03-13 16:44:39,212: log_options() 'desired_color_enabled = False'
INFO: 2023-03-13 16:44:39,212: log_options() 'download_folder = /home/zyw/.config/variety/Downloaded'
INFO: 2023-03-13 16:44:39,212: log_options() 'download_preference_ratio = 0.9'
INFO: 2023-03-13 16:44:39,212: log_options() 'favorites_folder = /home/zyw/.config/variety/Favorites'
INFO: 2023-03-13 16:44:39,212: log_options() 'favorites_operations = [['Downloaded', 'Copy'], ['Fetched', 'Move'], ['Others', 'Copy']]'
INFO: 2023-03-13 16:44:39,212: log_options() 'fetched_folder = /home/zyw/.config/variety/Fetched'
INFO: 2023-03-13 16:44:39,212: log_options() 'filters = [[False, 'Keep original', ''], [False, 'Grayscale', '-type Grayscale'], [False, 'Heavy blur', '-scale 20% -blur 0x10 -resize 500%'], [False, 'Soft blur', '-scale 20% -blur 0x2 -resize 500%'], [False, 'Oil painting', '-paint 8'], [False, 'Pointilism', '-spread 10 -noise 3'], [False, 'Pixellate', '-scale 3% -scale 3333%']]'
INFO: 2023-03-13 16:44:39,212: log_options() 'get_wallpaper_script = /home/zyw/.config/variety/scripts/get_wallpaper'
INFO: 2023-03-13 16:44:39,212: log_options() 'icon = Light'
INFO: 2023-03-13 16:44:39,212: log_options() 'internet_enabled = True'
INFO: 2023-03-13 16:44:39,212: log_options() 'lightness_enabled = False'
INFO: 2023-03-13 16:44:39,212: log_options() 'lightness_mode = 0'
INFO: 2023-03-13 16:44:39,212: log_options() 'min_rating = 4'
INFO: 2023-03-13 16:44:39,212: log_options() 'min_rating_enabled = False'
INFO: 2023-03-13 16:44:39,212: log_options() 'min_size = 80'
INFO: 2023-03-13 16:44:39,212: log_options() 'min_size_enabled = False'
INFO: 2023-03-13 16:44:39,212: log_options() 'quota_enabled = True'
INFO: 2023-03-13 16:44:39,212: log_options() 'quota_size = 1000'
INFO: 2023-03-13 16:44:39,212: log_options() 'quotes_authors = '
INFO: 2023-03-13 16:44:39,212: log_options() 'quotes_bg_color = [80, 80, 80]'
INFO: 2023-03-13 16:44:39,212: log_options() 'quotes_bg_opacity = 55'
INFO: 2023-03-13 16:44:39,212: log_options() 'quotes_change_enabled = False'
INFO: 2023-03-13 16:44:39,212: log_options() 'quotes_change_interval = 300'
INFO: 2023-03-13 16:44:39,212: log_options() 'quotes_disabled_sources = ['Urban Dictionary']'
INFO: 2023-03-13 16:44:39,212: log_options() 'quotes_enabled = False'
INFO: 2023-03-13 16:44:39,212: log_options() 'quotes_favorites_file = /home/zyw/.config/variety/favorite_quotes.txt'
INFO: 2023-03-13 16:44:39,212: log_options() 'quotes_font = Serif 30'
INFO: 2023-03-13 16:44:39,212: log_options() 'quotes_hpos = 100'
INFO: 2023-03-13 16:44:39,212: log_options() 'quotes_max_length = 250'
INFO: 2023-03-13 16:44:39,212: log_options() 'quotes_tags = '
INFO: 2023-03-13 16:44:39,212: log_options() 'quotes_text_color = [255, 255, 255]'
INFO: 2023-03-13 16:44:39,212: log_options() 'quotes_text_shadow = False'
INFO: 2023-03-13 16:44:39,212: log_options() 'quotes_vpos = 40'
INFO: 2023-03-13 16:44:39,212: log_options() 'quotes_width = 70'
INFO: 2023-03-13 16:44:39,212: log_options() 'safe_mode = False'
INFO: 2023-03-13 16:44:39,212: log_options() 'set_wallpaper_script = /home/zyw/.config/variety/scripts/set_wallpaper'
INFO: 2023-03-13 16:44:39,212: log_options() 'slideshow_custom_enabled = False'
INFO: 2023-03-13 16:44:39,212: log_options() 'slideshow_custom_folder = /home/zyw/Pictures'
INFO: 2023-03-13 16:44:39,212: log_options() 'slideshow_downloads_enabled = False'
INFO: 2023-03-13 16:44:39,212: log_options() 'slideshow_fade = 0.4'
INFO: 2023-03-13 16:44:39,213: log_options() 'slideshow_favorites_enabled = True'
INFO: 2023-03-13 16:44:39,213: log_options() 'slideshow_mode = Fullscreen'
INFO: 2023-03-13 16:44:39,213: log_options() 'slideshow_monitor = All'
INFO: 2023-03-13 16:44:39,213: log_options() 'slideshow_pan = 0.05'
INFO: 2023-03-13 16:44:39,213: log_options() 'slideshow_seconds = 6.0'
INFO: 2023-03-13 16:44:39,213: log_options() 'slideshow_sort_order = Random'
INFO: 2023-03-13 16:44:39,213: log_options() 'slideshow_sources_enabled = True'
INFO: 2023-03-13 16:44:39,213: log_options() 'slideshow_zoom = 0.2'
INFO: 2023-03-13 16:44:39,213: log_options() 'smart_enabled = False'
INFO: 2023-03-13 16:44:39,213: log_options() 'smart_notice_shown = False'
INFO: 2023-03-13 16:44:39,213: log_options() 'smart_register_shown = False'
INFO: 2023-03-13 16:44:39,213: log_options() 'sources = [[True, 'favorites', 'The Favorites folder'], [False, 'fetched', 'The Fetched folder'], [False, 'folder', '/usr/share/backgrounds'], [False, 'flickr', 'user:www.flickr.com/photos/peter-levi/;user_id:93647178@N00;'], [False, 'apod', "NASA's Astronomy Picture of the Day"], [False, 'bing', 'Bing Photo of the Day'], [False, 'earthview', 'Google Earth View Wallpapers'], [False, 'natgeo', "National Geographic's photo of the day"], [False, 'unsplash', 'High-resolution photos from Unsplash.com']]'
INFO: 2023-03-13 16:44:39,213: log_options() 'stats_enabled = True'
INFO: 2023-03-13 16:44:39,213: log_options() 'stats_notice_shown = False'
INFO: 2023-03-13 16:44:39,213: log_options() 'sync_enabled = True'
INFO: 2023-03-13 16:44:39,213: log_options() 'use_landscape_enabled = True'
INFO: 2023-03-13 16:44:39,213: log_options() 'wallhaven_api_key = '
INFO: 2023-03-13 16:44:39,213: log_options() 'wallpaper_auto_rotate = False'
INFO: 2023-03-13 16:44:39,213: log_options() 'wallpaper_display_mode = os'
INFO: 2023-03-13 16:44:39,213: clear_prepared_queue() 'Clearing prepared queue'
INFO: 2023-03-13 16:44:39,213: update_indicator() 'Setting file info to: /usr/share/backgrounds/gnome/adwaita-l.webp'
INFO: 2023-03-13 16:44:39,213: prepare_thread() 'Prepared buffer contains 0 images'
INFO: 2023-03-13 16:44:39,213: prepare_thread() 'Preparing some images'
INFO: 2023-03-13 16:44:39,213: prepare_thread() 'After search prepared buffer contains 0 images'
INFO: 2023-03-13 16:44:39,217: prepare_thread() 'Prepared buffer contains 0 images'
INFO: 2023-03-13 16:44:39,217: prepare_thread() 'Preparing some images'
INFO: 2023-03-13 16:44:39,217: prepare_thread() 'After search prepared buffer contains 0 images'
INFO: 2023-03-13 16:44:39,409: update_indicator() 'Setting file info to: /usr/share/backgrounds/gnome/adwaita-l.webp'
INFO: 2023-03-13 16:44:39,572: apply() 'Applying preferences'
INFO: 2023-03-13 16:44:39,592: set_visible() 'Showing status icon'
INFO: 2023-03-13 16:44:39,592: set_from_theme_icon() 'Showing status icon variety-indicator from GTK theme'
INFO: 2023-03-13 16:44:39,593: log_options() 'Loaded options:'
INFO: 2023-03-13 16:44:39,593: log_options() 'change_enabled = True'
INFO: 2023-03-13 16:44:39,593: log_options() 'change_interval = 300'
INFO: 2023-03-13 16:44:39,593: log_options() 'change_on_start = False'
INFO: 2023-03-13 16:44:39,593: log_options() 'clipboard_enabled = False'
INFO: 2023-03-13 16:44:39,593: log_options() 'clipboard_hosts = ['wallhaven.cc', 'wallpapers.net', 'flickr.com', 'imgur.com', 'deviantart.com', 'interfacelift.com', 'vladstudio.com', 'imageshack.us', 'deviantart.net', 'imageshack.com']'
INFO: 2023-03-13 16:44:39,593: log_options() 'clipboard_use_whitelist = True'
INFO: 2023-03-13 16:44:39,594: log_options() 'clock_date_font = Serif 30'
INFO: 2023-03-13 16:44:39,594: log_options() 'clock_enabled = False'
INFO: 2023-03-13 16:44:39,594: log_options() 'clock_filter = -density 100 -font `fc-match -f '%{file[0]}' '%CLOCK_FONT_NAME'` -pointsize %CLOCK_FONT_SIZE -gravity SouthEast -fill '#00000044' -annotate 0x0+[%HOFFSET+58]+[%VOFFSET+108] '%H:%M' -fill white -annotate 0x0+[%HOFFSET+60]+[%VOFFSET+110] '%H:%M' -font `fc-match -f '%{file[0]}' '%DATE_FONT_NAME'` -pointsize %DATE_FONT_SIZE -fill '#00000044' -annotate 0x0+[%HOFFSET+58]+[%VOFFSET+58] '%A, %B %d' -fill white -annotate 0x0+[%HOFFSET+60]+[%VOFFSET+60] '%A, %B %d''
INFO: 2023-03-13 16:44:39,594: log_options() 'clock_font = Serif 70'
INFO: 2023-03-13 16:44:39,594: log_options() 'configfile = /home/zyw/.config/variety/variety.conf'
INFO: 2023-03-13 16:44:39,594: log_options() 'copyto_enabled = False'
INFO: 2023-03-13 16:44:39,594: log_options() 'copyto_folder = Default'
INFO: 2023-03-13 16:44:39,594: log_options() 'desired_color = [160, 160, 160]'
INFO: 2023-03-13 16:44:39,594: log_options() 'desired_color_enabled = False'
INFO: 2023-03-13 16:44:39,594: log_options() 'download_folder = /home/zyw/.config/variety/Downloaded'
INFO: 2023-03-13 16:44:39,594: log_options() 'download_preference_ratio = 0.9'
INFO: 2023-03-13 16:44:39,595: log_options() 'favorites_folder = /home/zyw/.config/variety/Favorites'
INFO: 2023-03-13 16:44:39,595: log_options() 'favorites_operations = [['Downloaded', 'Copy'], ['Fetched', 'Move'], ['Others', 'Copy']]'
INFO: 2023-03-13 16:44:39,595: log_options() 'fetched_folder = /home/zyw/.config/variety/Fetched'
INFO: 2023-03-13 16:44:39,595: log_options() 'filters = [[False, 'Keep original', ''], [False, 'Grayscale', '-type Grayscale'], [False, 'Heavy blur', '-scale 20% -blur 0x10 -resize 500%'], [False, 'Soft blur', '-scale 20% -blur 0x2 -resize 500%'], [False, 'Oil painting', '-paint 8'], [False, 'Pointilism', '-spread 10 -noise 3'], [False, 'Pixellate', '-scale 3% -scale 3333%']]'
INFO: 2023-03-13 16:44:39,595: log_options() 'get_wallpaper_script = /home/zyw/.config/variety/scripts/get_wallpaper'
INFO: 2023-03-13 16:44:39,595: log_options() 'icon = Light'
INFO: 2023-03-13 16:44:39,595: log_options() 'internet_enabled = True'
INFO: 2023-03-13 16:44:39,596: log_options() 'lightness_enabled = False'
INFO: 2023-03-13 16:44:39,596: log_options() 'lightness_mode = 0'
INFO: 2023-03-13 16:44:39,596: log_options() 'min_rating = 4'
INFO: 2023-03-13 16:44:39,596: log_options() 'min_rating_enabled = False'
INFO: 2023-03-13 16:44:39,596: log_options() 'min_size = 80'
INFO: 2023-03-13 16:44:39,596: log_options() 'min_size_enabled = False'
INFO: 2023-03-13 16:44:39,597: log_options() 'quota_enabled = True'
INFO: 2023-03-13 16:44:39,597: log_options() 'quota_size = 1000'
INFO: 2023-03-13 16:44:39,597: log_options() 'quotes_authors = '
INFO: 2023-03-13 16:44:39,597: log_options() 'quotes_bg_color = [80, 80, 80]'
INFO: 2023-03-13 16:44:39,597: log_options() 'quotes_bg_opacity = 55'
INFO: 2023-03-13 16:44:39,598: log_options() 'quotes_change_enabled = False'
INFO: 2023-03-13 16:44:39,598: log_options() 'quotes_change_interval = 300'
INFO: 2023-03-13 16:44:39,598: log_options() 'quotes_disabled_sources = ['Urban Dictionary']'
INFO: 2023-03-13 16:44:39,598: log_options() 'quotes_enabled = False'
INFO: 2023-03-13 16:44:39,598: log_options() 'quotes_favorites_file = /home/zyw/.config/variety/favorite_quotes.txt'
INFO: 2023-03-13 16:44:39,598: log_options() 'quotes_font = Serif 30'
INFO: 2023-03-13 16:44:39,598: log_options() 'quotes_hpos = 100'
INFO: 2023-03-13 16:44:39,598: log_options() 'quotes_max_length = 250'
INFO: 2023-03-13 16:44:39,598: log_options() 'quotes_tags = '
INFO: 2023-03-13 16:44:39,598: log_options() 'quotes_text_color = [255, 255, 255]'
INFO: 2023-03-13 16:44:39,598: log_options() 'quotes_text_shadow = False'
INFO: 2023-03-13 16:44:39,598: log_options() 'quotes_vpos = 40'
INFO: 2023-03-13 16:44:39,598: log_options() 'quotes_width = 70'
INFO: 2023-03-13 16:44:39,599: log_options() 'safe_mode = False'
INFO: 2023-03-13 16:44:39,599: log_options() 'set_wallpaper_script = /home/zyw/.config/variety/scripts/set_wallpaper'
INFO: 2023-03-13 16:44:39,599: log_options() 'slideshow_custom_enabled = False'
INFO: 2023-03-13 16:44:39,599: log_options() 'slideshow_custom_folder = /home/zyw/Pictures'
INFO: 2023-03-13 16:44:39,599: log_options() 'slideshow_downloads_enabled = False'
INFO: 2023-03-13 16:44:39,599: log_options() 'slideshow_fade = 0.4'
INFO: 2023-03-13 16:44:39,599: log_options() 'slideshow_favorites_enabled = True'
INFO: 2023-03-13 16:44:39,599: log_options() 'slideshow_mode = Fullscreen'
INFO: 2023-03-13 16:44:39,599: log_options() 'slideshow_monitor = All'
INFO: 2023-03-13 16:44:39,599: log_options() 'slideshow_pan = 0.05'
INFO: 2023-03-13 16:44:39,599: log_options() 'slideshow_seconds = 6.0'
INFO: 2023-03-13 16:44:39,599: log_options() 'slideshow_sort_order = Random'
INFO: 2023-03-13 16:44:39,599: log_options() 'slideshow_sources_enabled = True'
INFO: 2023-03-13 16:44:39,600: log_options() 'slideshow_zoom = 0.2'
INFO: 2023-03-13 16:44:39,600: log_options() 'smart_enabled = False'
INFO: 2023-03-13 16:44:39,600: log_options() 'smart_notice_shown = False'
INFO: 2023-03-13 16:44:39,600: log_options() 'smart_register_shown = False'
INFO: 2023-03-13 16:44:39,600: log_options() 'sources = [[False, 'favorites', 'The Favorites folder'], [False, 'fetched', 'The Fetched folder'], [False, 'folder', '/usr/share/backgrounds'], [False, 'flickr', 'user:www.flickr.com/photos/peter-levi/;user_id:93647178@N00;'], [False, 'apod', "NASA's Astronomy Picture of the Day"], [False, 'bing', 'Bing Photo of the Day'], [False, 'earthview', 'Google Earth View Wallpapers'], [False, 'natgeo', "National Geographic's photo of the day"], [False, 'unsplash', 'High-resolution photos from Unsplash.com']]'
INFO: 2023-03-13 16:44:39,600: log_options() 'stats_enabled = True'
INFO: 2023-03-13 16:44:39,600: log_options() 'stats_notice_shown = False'
INFO: 2023-03-13 16:44:39,600: log_options() 'sync_enabled = True'
INFO: 2023-03-13 16:44:39,600: log_options() 'use_landscape_enabled = True'
INFO: 2023-03-13 16:44:39,600: log_options() 'wallhaven_api_key = '
INFO: 2023-03-13 16:44:39,600: log_options() 'wallpaper_auto_rotate = False'
INFO: 2023-03-13 16:44:39,600: log_options() 'wallpaper_display_mode = os'
INFO: 2023-03-13 16:44:39,600: clear_prepared_queue() 'Clearing prepared queue'
INFO: 2023-03-13 16:44:39,601: update_indicator() 'Setting file info to: /usr/share/backgrounds/gnome/adwaita-l.webp'
INFO: 2023-03-13 16:44:39,601: prepare_thread() 'Prepared buffer contains 0 images'
INFO: 2023-03-13 16:44:39,601: prepare_thread() 'Preparing some images'
INFO: 2023-03-13 16:44:39,601: prepare_thread() 'After search prepared buffer contains 0 images'
INFO: 2023-03-13 16:44:39,605: prepare_thread() 'Prepared buffer contains 0 images'
INFO: 2023-03-13 16:44:39,606: prepare_thread() 'Preparing some images'
INFO: 2023-03-13 16:44:39,606: prepare_thread() 'After search prepared buffer contains 0 images'
INFO: 2023-03-13 16:44:39,628: do_set_wp() 'Calling do_set_wp with /usr/share/backgrounds/gnome/adwaita-l.webp, time: 1678697079.628166'
INFO: 2023-03-13 16:44:39,638: update_indicator() 'Setting file info to: /usr/share/backgrounds/gnome/adwaita-l.webp'
ERROR: 2023-03-13 16:44:40,084: download_one_from() 'Could not download wallpaper:'
Traceback (most recent call last):
  File "/usr/lib/python3.10/site-packages/urllib3/connection.py", line 174, in _new_conn
    conn = connection.create_connection(
  File "/usr/lib/python3.10/site-packages/urllib3/util/connection.py", line 95, in create_connection
    raise err
  File "/usr/lib/python3.10/site-packages/urllib3/util/connection.py", line 85, in create_connection
    sock.connect(sa)
OSError: [Errno 101] ç½ç»ä¸å¯è¾¾

During handling of the above exception, another exception occurred:

Traceback (most recent call last):
  File "/usr/lib/python3.10/site-packages/urllib3/connectionpool.py", line 703, in urlopen
    httplib_response = self._make_request(
  File "/usr/lib/python3.10/site-packages/urllib3/connectionpool.py", line 386, in _make_request
    self._validate_conn(conn)
  File "/usr/lib/python3.10/site-packages/urllib3/connectionpool.py", line 1042, in _validate_conn
    conn.connect()
  File "/usr/lib/python3.10/site-packages/urllib3/connection.py", line 358, in connect
    self.sock = conn = self._new_conn()
  File "/usr/lib/python3.10/site-packages/urllib3/connection.py", line 186, in _new_conn
    raise NewConnectionError(
urllib3.exceptions.NewConnectionError: <urllib3.connection.HTTPSConnection object at 0x7f88b8095870>: Failed to establish a new connection: [Errno 101] ç½ç»ä¸å¯è¾¾

During handling of the above exception, another exception occurred:

Traceback (most recent call last):
  File "/usr/lib/python3.10/site-packages/requests/adapters.py", line 489, in send
    resp = conn.urlopen(
  File "/usr/lib/python3.10/site-packages/urllib3/connectionpool.py", line 787, in urlopen
    retries = retries.increment(
  File "/usr/lib/python3.10/site-packages/urllib3/util/retry.py", line 592, in increment
    raise MaxRetryError(_pool, url, error or ResponseError(cause))
urllib3.exceptions.MaxRetryError: HTTPSConnectionPool(host='api.flickr.com', port=443): Max retries exceeded with url: /services/rest/?method=flickr.photos.search&api_key=0553a848c09bcfd21d3a984d9408c04e&per_page=500&tag_mode=all&format=json&nojsoncallback=1&user_id=93647178@N00 (Caused by NewConnectionError('<urllib3.connection.HTTPSConnection object at 0x7f88b8095870>: Failed to establish a new connection: [Errno 101] ç½ç»ä¸å¯è¾¾'))

During handling of the above exception, another exception occurred:

Traceback (most recent call last):
  File "/usr/lib/python3.10/site-packages/variety/VarietyWindow.py", line 1164, in download_one_from
    file = downloader.download_one()
  File "/usr/lib/python3.10/site-packages/variety/plugins/downloaders/DefaultDownloader.py", line 141, in download_one
    items = self.fill_queue()
  File "/usr/lib/python3.10/site-packages/variety/FlickrDownloader.py", line 161, in fill_queue
    resp = FlickrDownloader.fetch(call)
  File "/usr/lib/python3.10/site-packages/variety/FlickrDownloader.py", line 74, in fetch
    return Util.fetch_json(call)
  File "/usr/lib/python3.10/site-packages/variety/Util.py", line 684, in fetch_json
    return Util.request(url, data, **request_kwargs).json()
  File "/usr/lib/python3.10/site-packages/variety/Util.py", line 654, in request
    r = requests.request(
  File "/usr/lib/python3.10/site-packages/requests/api.py", line 59, in request
    return session.request(method=method, url=url, **kwargs)
  File "/usr/lib/python3.10/site-packages/requests/sessions.py", line 587, in request
    resp = self.send(prep, **send_kwargs)
  File "/usr/lib/python3.10/site-packages/requests/sessions.py", line 701, in send
    r = adapter.send(request, **kwargs)
  File "/usr/lib/python3.10/site-packages/requests/adapters.py", line 565, in send
    raise ConnectionError(e, request=request)
requests.exceptions.ConnectionError: HTTPSConnectionPool(host='api.flickr.com', port=443): Max retries exceeded with url: /services/rest/?method=flickr.photos.search&api_key=0553a848c09bcfd21d3a984d9408c04e&per_page=500&tag_mode=all&format=json&nojsoncallback=1&user_id=93647178@N00 (Caused by NewConnectionError('<urllib3.connection.HTTPSConnection object at 0x7f88b8095870>: Failed to establish a new connection: [Errno 101] ç½ç»ä¸å¯è¾¾'))
INFO: 2023-03-13 16:44:40,609: trigger_download() 'Triggering download thread to check if download needed and possible'
INFO: 2023-03-13 16:44:40,610: trigger_download() 'Triggering download thread to check if download needed and possible'
INFO: 2023-03-13 16:44:40,628: do_set_wp() 'Calling do_set_wp with /usr/share/backgrounds/gnome/adwaita-l.webp, time: 1678697080.6287084'
INFO: 2023-03-13 16:44:40,641: update_indicator() 'Setting file info to: /usr/share/backgrounds/gnome/adwaita-l.webp'
INFO: 2023-03-13 16:44:40,885: trigger_download() 'Triggering download thread to check if download needed and possible'
INFO: 2023-03-13 16:44:40,890: trigger_download() 'Triggering download thread to check if download needed and possible'
INFO: 2023-03-13 16:44:41,214: trigger_download() 'Triggering download thread to check if download needed and possible'
INFO: 2023-03-13 16:44:41,218: trigger_download() 'Triggering download thread to check if download needed and possible'
INFO: 2023-03-13 16:44:41,602: trigger_download() 'Triggering download thread to check if download needed and possible'
INFO: 2023-03-13 16:44:41,607: trigger_download() 'Triggering download thread to check if download needed and possible'
INFO: 2023-03-13 16:44:42,602: trigger_download() 'Triggering download thread to check if download needed and possible'
INFO: 2023-03-13 16:44:42,702: apply() 'Applying preferences'
INFO: 2023-03-13 16:44:42,719: set_visible() 'Showing status icon'
INFO: 2023-03-13 16:44:42,720: set_from_theme_icon() 'Showing status icon variety-indicator from GTK theme'
INFO: 2023-03-13 16:44:42,720: log_options() 'Loaded options:'
INFO: 2023-03-13 16:44:42,720: log_options() 'change_enabled = True'
INFO: 2023-03-13 16:44:42,721: log_options() 'change_interval = 300'
INFO: 2023-03-13 16:44:42,721: log_options() 'change_on_start = False'
INFO: 2023-03-13 16:44:42,721: log_options() 'clipboard_enabled = False'
INFO: 2023-03-13 16:44:42,721: log_options() 'clipboard_hosts = ['wallhaven.cc', 'wallpapers.net', 'flickr.com', 'imgur.com', 'deviantart.com', 'interfacelift.com', 'vladstudio.com', 'imageshack.us', 'deviantart.net', 'imageshack.com']'
INFO: 2023-03-13 16:44:42,721: log_options() 'clipboard_use_whitelist = True'
INFO: 2023-03-13 16:44:42,721: log_options() 'clock_date_font = Serif 30'
INFO: 2023-03-13 16:44:42,721: log_options() 'clock_enabled = False'
INFO: 2023-03-13 16:44:42,721: log_options() 'clock_filter = -density 100 -font `fc-match -f '%{file[0]}' '%CLOCK_FONT_NAME'` -pointsize %CLOCK_FONT_SIZE -gravity SouthEast -fill '#00000044' -annotate 0x0+[%HOFFSET+58]+[%VOFFSET+108] '%H:%M' -fill white -annotate 0x0+[%HOFFSET+60]+[%VOFFSET+110] '%H:%M' -font `fc-match -f '%{file[0]}' '%DATE_FONT_NAME'` -pointsize %DATE_FONT_SIZE -fill '#00000044' -annotate 0x0+[%HOFFSET+58]+[%VOFFSET+58] '%A, %B %d' -fill white -annotate 0x0+[%HOFFSET+60]+[%VOFFSET+60] '%A, %B %d''
INFO: 2023-03-13 16:44:42,721: log_options() 'clock_font = Serif 70'
INFO: 2023-03-13 16:44:42,722: log_options() 'configfile = /home/zyw/.config/variety/variety.conf'
INFO: 2023-03-13 16:44:42,722: log_options() 'copyto_enabled = False'
INFO: 2023-03-13 16:44:42,722: log_options() 'copyto_folder = Default'
INFO: 2023-03-13 16:44:42,722: log_options() 'desired_color = [160, 160, 160]'
INFO: 2023-03-13 16:44:42,722: log_options() 'desired_color_enabled = False'
INFO: 2023-03-13 16:44:42,722: log_options() 'download_folder = /home/zyw/.config/variety/Downloaded'
INFO: 2023-03-13 16:44:42,722: log_options() 'download_preference_ratio = 0.9'
INFO: 2023-03-13 16:44:42,722: log_options() 'favorites_folder = /home/zyw/.config/variety/Favorites'
INFO: 2023-03-13 16:44:42,722: log_options() 'favorites_operations = [['Downloaded', 'Copy'], ['Fetched', 'Move'], ['Others', 'Copy']]'
INFO: 2023-03-13 16:44:42,722: log_options() 'fetched_folder = /home/zyw/.config/variety/Fetched'
INFO: 2023-03-13 16:44:42,722: log_options() 'filters = [[False, 'Keep original', ''], [False, 'Grayscale', '-type Grayscale'], [False, 'Heavy blur', '-scale 20% -blur 0x10 -resize 500%'], [False, 'Soft blur', '-scale 20% -blur 0x2 -resize 500%'], [False, 'Oil painting', '-paint 8'], [False, 'Pointilism', '-spread 10 -noise 3'], [False, 'Pixellate', '-scale 3% -scale 3333%']]'
INFO: 2023-03-13 16:44:42,723: log_options() 'get_wallpaper_script = /home/zyw/.config/variety/scripts/get_wallpaper'
INFO: 2023-03-13 16:44:42,723: log_options() 'icon = Light'
INFO: 2023-03-13 16:44:42,723: log_options() 'internet_enabled = True'
INFO: 2023-03-13 16:44:42,723: log_options() 'lightness_enabled = False'
INFO: 2023-03-13 16:44:42,723: log_options() 'lightness_mode = 0'
INFO: 2023-03-13 16:44:42,723: log_options() 'min_rating = 4'
INFO: 2023-03-13 16:44:42,723: log_options() 'min_rating_enabled = False'
INFO: 2023-03-13 16:44:42,723: log_options() 'min_size = 80'
INFO: 2023-03-13 16:44:42,723: log_options() 'min_size_enabled = False'
INFO: 2023-03-13 16:44:42,723: log_options() 'quota_enabled = True'
INFO: 2023-03-13 16:44:42,724: log_options() 'quota_size = 1000'
INFO: 2023-03-13 16:44:42,724: log_options() 'quotes_authors = '
INFO: 2023-03-13 16:44:42,724: log_options() 'quotes_bg_color = [80, 80, 80]'
INFO: 2023-03-13 16:44:42,724: log_options() 'quotes_bg_opacity = 55'
INFO: 2023-03-13 16:44:42,724: log_options() 'quotes_change_enabled = False'
INFO: 2023-03-13 16:44:42,724: log_options() 'quotes_change_interval = 300'
INFO: 2023-03-13 16:44:42,724: log_options() 'quotes_disabled_sources = ['Urban Dictionary']'
INFO: 2023-03-13 16:44:42,724: log_options() 'quotes_enabled = False'
INFO: 2023-03-13 16:44:42,724: log_options() 'quotes_favorites_file = /home/zyw/.config/variety/favorite_quotes.txt'
INFO: 2023-03-13 16:44:42,724: log_options() 'quotes_font = Serif 30'
INFO: 2023-03-13 16:44:42,724: log_options() 'quotes_hpos = 100'
INFO: 2023-03-13 16:44:42,725: log_options() 'quotes_max_length = 250'
INFO: 2023-03-13 16:44:42,725: log_options() 'quotes_tags = '
INFO: 2023-03-13 16:44:42,725: log_options() 'quotes_text_color = [255, 255, 255]'
INFO: 2023-03-13 16:44:42,725: log_options() 'quotes_text_shadow = False'
INFO: 2023-03-13 16:44:42,725: log_options() 'quotes_vpos = 40'
INFO: 2023-03-13 16:44:42,725: log_options() 'quotes_width = 70'
INFO: 2023-03-13 16:44:42,725: log_options() 'safe_mode = False'
INFO: 2023-03-13 16:44:42,725: log_options() 'set_wallpaper_script = /home/zyw/.config/variety/scripts/set_wallpaper'
INFO: 2023-03-13 16:44:42,725: log_options() 'slideshow_custom_enabled = False'
INFO: 2023-03-13 16:44:42,726: log_options() 'slideshow_custom_folder = /home/zyw/Pictures'
INFO: 2023-03-13 16:44:42,726: log_options() 'slideshow_downloads_enabled = False'
INFO: 2023-03-13 16:44:42,726: log_options() 'slideshow_fade = 0.4'
INFO: 2023-03-13 16:44:42,726: log_options() 'slideshow_favorites_enabled = True'
INFO: 2023-03-13 16:44:42,726: log_options() 'slideshow_mode = Fullscreen'
INFO: 2023-03-13 16:44:42,726: log_options() 'slideshow_monitor = All'
INFO: 2023-03-13 16:44:42,726: log_options() 'slideshow_pan = 0.05'
INFO: 2023-03-13 16:44:42,726: log_options() 'slideshow_seconds = 6.0'
INFO: 2023-03-13 16:44:42,726: log_options() 'slideshow_sort_order = Random'
INFO: 2023-03-13 16:44:42,727: log_options() 'slideshow_sources_enabled = True'
INFO: 2023-03-13 16:44:42,727: log_options() 'slideshow_zoom = 0.2'
INFO: 2023-03-13 16:44:42,727: log_options() 'smart_enabled = False'
INFO: 2023-03-13 16:44:42,727: log_options() 'smart_notice_shown = False'
INFO: 2023-03-13 16:44:42,727: log_options() 'smart_register_shown = False'
INFO: 2023-03-13 16:44:42,727: log_options() 'sources = [[False, 'favorites', 'The Favorites folder'], [False, 'fetched', 'The Fetched folder'], [False, 'folder', '/usr/share/backgrounds'], [False, 'flickr', 'user:www.flickr.com/photos/peter-levi/;user_id:93647178@N00;'], [False, 'apod', "NASA's Astronomy Picture of the Day"], [False, 'bing', 'Bing Photo of the Day'], [False, 'earthview', 'Google Earth View Wallpapers'], [False, 'natgeo', "National Geographic's photo of the day"], [False, 'unsplash', 'High-resolution photos from Unsplash.com']]'
INFO: 2023-03-13 16:44:42,727: log_options() 'stats_enabled = True'
INFO: 2023-03-13 16:44:42,727: log_options() 'stats_notice_shown = False'
INFO: 2023-03-13 16:44:42,727: log_options() 'sync_enabled = True'
INFO: 2023-03-13 16:44:42,727: log_options() 'use_landscape_enabled = True'
INFO: 2023-03-13 16:44:42,727: log_options() 'wallhaven_api_key = '
INFO: 2023-03-13 16:44:42,728: log_options() 'wallpaper_auto_rotate = False'
INFO: 2023-03-13 16:44:42,728: log_options() 'wallpaper_display_mode = os'
INFO: 2023-03-13 16:44:42,728: reload_config() 'No need to clear prepared queue'
INFO: 2023-03-13 16:44:42,728: update_indicator() 'Setting file info to: /usr/share/backgrounds/gnome/adwaita-l.webp'
INFO: 2023-03-13 16:44:42,731: prepare_thread() 'Prepared buffer contains 0 images'
INFO: 2023-03-13 16:44:42,731: prepare_thread() 'Preparing some images'
INFO: 2023-03-13 16:44:42,731: prepare_thread() 'After search prepared buffer contains 0 images'
INFO: 2023-03-13 16:44:42,831: do_set_wp() 'Calling do_set_wp with /usr/share/backgrounds/gnome/adwaita-l.webp, time: 1678697082.8315556'
INFO: 2023-03-13 16:44:42,859: update_indicator() 'Setting file info to: /usr/share/backgrounds/gnome/adwaita-l.webp'
INFO: 2023-03-13 16:44:44,732: trigger_download() 'Triggering download thread to check if download needed and possible'
INFO: 2023-03-13 16:44:55,086: server_options_thread() 'Fetching server options from http://tiny.cc/variety-options-063'
ERROR: 2023-03-13 16:45:00,101: server_options_thread() 'Could not fetch Variety serverside options'
Traceback (most recent call last):
  File "/usr/lib/python3.10/site-packages/urllib3/connection.py", line 174, in _new_conn
    conn = connection.create_connection(
  File "/usr/lib/python3.10/site-packages/urllib3/util/connection.py", line 95, in create_connection
    raise err
  File "/usr/lib/python3.10/site-packages/urllib3/util/connection.py", line 85, in create_connection
    sock.connect(sa)
OSError: [Errno 101] ç½ç»ä¸å¯è¾¾

During handling of the above exception, another exception occurred:

Traceback (most recent call last):
  File "/usr/lib/python3.10/site-packages/urllib3/connectionpool.py", line 703, in urlopen
    httplib_response = self._make_request(
  File "/usr/lib/python3.10/site-packages/urllib3/connectionpool.py", line 398, in _make_request
    conn.request(method, url, **httplib_request_kw)
  File "/usr/lib/python3.10/site-packages/urllib3/connection.py", line 239, in request
    super(HTTPConnection, self).request(method, url, body=body, headers=headers)
  File "/usr/lib/python3.10/http/client.py", line 1282, in request
    self._send_request(method, url, body, headers, encode_chunked)
  File "/usr/lib/python3.10/http/client.py", line 1328, in _send_request
    self.endheaders(body, encode_chunked=encode_chunked)
  File "/usr/lib/python3.10/http/client.py", line 1277, in endheaders
    self._send_output(message_body, encode_chunked=encode_chunked)
  File "/usr/lib/python3.10/http/client.py", line 1037, in _send_output
    self.send(msg)
  File "/usr/lib/python3.10/http/client.py", line 975, in send
    self.connect()
  File "/usr/lib/python3.10/site-packages/urllib3/connection.py", line 205, in connect
    conn = self._new_conn()
  File "/usr/lib/python3.10/site-packages/urllib3/connection.py", line 186, in _new_conn
    raise NewConnectionError(
urllib3.exceptions.NewConnectionError: <urllib3.connection.HTTPConnection object at 0x7f88b8106560>: Failed to establish a new connection: [Errno 101] ç½ç»ä¸å¯è¾¾

During handling of the above exception, another exception occurred:

Traceback (most recent call last):
  File "/usr/lib/python3.10/site-packages/requests/adapters.py", line 489, in send
    resp = conn.urlopen(
  File "/usr/lib/python3.10/site-packages/urllib3/connectionpool.py", line 787, in urlopen
    retries = retries.increment(
  File "/usr/lib/python3.10/site-packages/urllib3/util/retry.py", line 592, in increment
    raise MaxRetryError(_pool, url, error or ResponseError(cause))
urllib3.exceptions.MaxRetryError: HTTPConnectionPool(host='tiny.cc', port=80): Max retries exceeded with url: /variety-options-063 (Caused by NewConnectionError('<urllib3.connection.HTTPConnection object at 0x7f88b8106560>: Failed to establish a new connection: [Errno 101] ç½ç»ä¸å¯è¾¾'))

During handling of the above exception, another exception occurred:

Traceback (most recent call last):
  File "/usr/lib/python3.10/site-packages/variety/VarietyWindow.py", line 1084, in server_options_thread
    self.server_options = Util.fetch_json(VarietyWindow.SERVERSIDE_OPTIONS_URL)
  File "/usr/lib/python3.10/site-packages/variety/Util.py", line 684, in fetch_json
    return Util.request(url, data, **request_kwargs).json()
  File "/usr/lib/python3.10/site-packages/variety/Util.py", line 654, in request
    r = requests.request(
  File "/usr/lib/python3.10/site-packages/requests/api.py", line 59, in request
    return session.request(method=method, url=url, **kwargs)
  File "/usr/lib/python3.10/site-packages/requests/sessions.py", line 587, in request
    resp = self.send(prep, **send_kwargs)
  File "/usr/lib/python3.10/site-packages/requests/sessions.py", line 701, in send
    r = adapter.send(request, **kwargs)
  File "/usr/lib/python3.10/site-packages/requests/adapters.py", line 565, in send
    raise ConnectionError(e, request=request)
requests.exceptions.ConnectionError: HTTPConnectionPool(host='tiny.cc', port=80): Max retries exceeded with url: /variety-options-063 (Caused by NewConnectionError('<urllib3.connection.HTTPConnection object at 0x7f88b8106560>: Failed to establish a new connection: [Errno 101] ç½ç»ä¸å¯è¾¾'))
INFO: 2023-03-13 16:45:30,134: server_options_thread() 'Fetching server options from http://tiny.cc/variety-options-063'
ERROR: 2023-03-13 16:45:35,146: server_options_thread() 'Could not fetch Variety serverside options'
Traceback (most recent call last):
  File "/usr/lib/python3.10/site-packages/urllib3/connection.py", line 174, in _new_conn
    conn = connection.create_connection(
  File "/usr/lib/python3.10/site-packages/urllib3/util/connection.py", line 95, in create_connection
    raise err
  File "/usr/lib/python3.10/site-packages/urllib3/util/connection.py", line 85, in create_connection
    sock.connect(sa)
OSError: [Errno 101] ç½ç»ä¸å¯è¾¾

During handling of the above exception, another exception occurred:

Traceback (most recent call last):
  File "/usr/lib/python3.10/site-packages/urllib3/connectionpool.py", line 703, in urlopen
    httplib_response = self._make_request(
  File "/usr/lib/python3.10/site-packages/urllib3/connectionpool.py", line 398, in _make_request
    conn.request(method, url, **httplib_request_kw)
  File "/usr/lib/python3.10/site-packages/urllib3/connection.py", line 239, in request
    super(HTTPConnection, self).request(method, url, body=body, headers=headers)
  File "/usr/lib/python3.10/http/client.py", line 1282, in request
    self._send_request(method, url, body, headers, encode_chunked)
  File "/usr/lib/python3.10/http/client.py", line 1328, in _send_request
    self.endheaders(body, encode_chunked=encode_chunked)
  File "/usr/lib/python3.10/http/client.py", line 1277, in endheaders
    self._send_output(message_body, encode_chunked=encode_chunked)
  File "/usr/lib/python3.10/http/client.py", line 1037, in _send_output
    self.send(msg)
  File "/usr/lib/python3.10/http/client.py", line 975, in send
    self.connect()
  File "/usr/lib/python3.10/site-packages/urllib3/connection.py", line 205, in connect
    conn = self._new_conn()
  File "/usr/lib/python3.10/site-packages/urllib3/connection.py", line 186, in _new_conn
    raise NewConnectionError(
urllib3.exceptions.NewConnectionError: <urllib3.connection.HTTPConnection object at 0x7f88b8104400>: Failed to establish a new connection: [Errno 101] ç½ç»ä¸å¯è¾¾

During handling of the above exception, another exception occurred:

Traceback (most recent call last):
  File "/usr/lib/python3.10/site-packages/requests/adapters.py", line 489, in send
    resp = conn.urlopen(
  File "/usr/lib/python3.10/site-packages/urllib3/connectionpool.py", line 787, in urlopen
    retries = retries.increment(
  File "/usr/lib/python3.10/site-packages/urllib3/util/retry.py", line 592, in increment
    raise MaxRetryError(_pool, url, error or ResponseError(cause))
urllib3.exceptions.MaxRetryError: HTTPConnectionPool(host='tiny.cc', port=80): Max retries exceeded with url: /variety-options-063 (Caused by NewConnectionError('<urllib3.connection.HTTPConnection object at 0x7f88b8104400>: Failed to establish a new connection: [Errno 101] ç½ç»ä¸å¯è¾¾'))

During handling of the above exception, another exception occurred:

Traceback (most recent call last):
  File "/usr/lib/python3.10/site-packages/variety/VarietyWindow.py", line 1084, in server_options_thread
    self.server_options = Util.fetch_json(VarietyWindow.SERVERSIDE_OPTIONS_URL)
  File "/usr/lib/python3.10/site-packages/variety/Util.py", line 684, in fetch_json
    return Util.request(url, data, **request_kwargs).json()
  File "/usr/lib/python3.10/site-packages/variety/Util.py", line 654, in request
    r = requests.request(
  File "/usr/lib/python3.10/site-packages/requests/api.py", line 59, in request
    return session.request(method=method, url=url, **kwargs)
  File "/usr/lib/python3.10/site-packages/requests/sessions.py", line 587, in request
    resp = self.send(prep, **send_kwargs)
  File "/usr/lib/python3.10/site-packages/requests/sessions.py", line 701, in send
    r = adapter.send(request, **kwargs)
  File "/usr/lib/python3.10/site-packages/requests/adapters.py", line 565, in send
    raise ConnectionError(e, request=request)
requests.exceptions.ConnectionError: HTTPConnectionPool(host='tiny.cc', port=80): Max retries exceeded with url: /variety-options-063 (Caused by NewConnectionError('<urllib3.connection.HTTPConnection object at 0x7f88b8104400>: Failed to establish a new connection: [Errno 101] ç½ç»ä¸å¯è¾¾'))
